This file contains any messages produced by compilers while
running configure, to aid debugging if configure makes a mistake.

It was created by openocd configure 0.9.0, which was
generated by GNU Autoconf 2.69.  Invocation command line was

  $ ./configure --enable-legacy-ft2232_libftdi

## --------- ##
## Platform. ##
## --------- ##

hostname = Ubuntu-16
uname -m = x86_64
uname -r = 4.15.0-142-generic
uname -s = Linux
uname -v = #146~16.04.1-Ubuntu SMP Tue Apr 13 09:27:15 UTC 2021

/usr/bin/uname -p = unknown
/bin/uname -X     = unknown

/bin/arch              = unknown
/usr/bin/arch -k       = unknown
/usr/convex/getsysinfo = unknown
/usr/bin/hostinfo      = unknown
/bin/machine           = unknown
/usr/bin/oslevel       = unknown
/bin/universe          = unknown

PATH: /usr/local/sbin
PATH: /usr/local/bin
PATH: /usr/sbin
PATH: /usr/bin
PATH: /sbin
PATH: /bin
PATH: /usr/games
PATH: /usr/local/games
PATH: /root/CodeSourcery/Sourcery_CodeBench_Lite_for_ARM_GNU_Linux/bin


## ----------- ##
## Core tests. ##
## ----------- ##

configure:2599: checking for makeinfo
configure:2629: result: no
configure:2636: WARNING: Info documentation will not be built.
configure:2686: checking for a BSD-compatible install
configure:2754: result: /usr/bin/install -c
configure:2765: checking whether build environment is sane
configure:2820: result: yes
configure:2971: checking for a thread-safe mkdir -p
configure:3010: result: /bin/mkdir -p
configure:3017: checking for gawk
configure:3047: result: no
configure:3017: checking for mawk
configure:3033: found /usr/bin/mawk
configure:3044: result: mawk
configure:3055: checking whether make sets $(MAKE)
configure:3077: result: yes
configure:3106: checking whether make supports nested variables
configure:3123: result: yes
configure:3308: checking for gcc
configure:3324: found /usr/bin/gcc
configure:3335: result: gcc
configure:3564: checking for C compiler version
configure:3573: gcc --version >&5
gcc (Ubuntu 5.4.0-6ubuntu1~16.04.12) 5.4.0 20160609
Copyright (C) 2015 Free Software Foundation, Inc.
This is free software; see the source for copying conditions.  There is NO
warranty; not even for MERCHANTABILITY or FITNESS FOR A PARTICULAR PURPOSE.

configure:3584: $? = 0
configure:3573: gcc -v >&5
Using built-in specs.
COLLECT_GCC=gcc
COLLECT_LTO_WRAPPER=/usr/lib/gcc/x86_64-linux-gnu/5/lto-wrapper
Target: x86_64-linux-gnu
Configured with: ../src/configure -v --with-pkgversion='Ubuntu 5.4.0-6ubuntu1~16.04.12' --with-bugurl=file:///usr/share/doc/gcc-5/README.Bugs --enable-languages=c,ada,c++,java,go,d,fortran,objc,obj-c++ --prefix=/usr --program-suffix=-5 --enable-shared --enable-linker-build-id --libexecdir=/usr/lib --without-included-gettext --enable-threads=posix --libdir=/usr/lib --enable-nls --with-sysroot=/ --enable-clocale=gnu --enable-libstdcxx-debug --enable-libstdcxx-time=yes --with-default-libstdcxx-abi=new --enable-gnu-unique-object --disable-vtable-verify --enable-libmpx --enable-plugin --with-system-zlib --disable-browser-plugin --enable-java-awt=gtk --enable-gtk-cairo --with-java-home=/usr/lib/jvm/java-1.5.0-gcj-5-amd64/jre --enable-java-home --with-jvm-root-dir=/usr/lib/jvm/java-1.5.0-gcj-5-amd64 --with-jvm-jar-dir=/usr/lib/jvm-exports/java-1.5.0-gcj-5-amd64 --with-arch-directory=amd64 --with-ecj-jar=/usr/share/java/eclipse-ecj.jar --enable-objc-gc --enable-multiarch --disable-werror --with-arch-32=i686 --with-abi=m64 --with-multilib-list=m32,m64,mx32 --enable-multilib --with-tune=generic --enable-checking=release --build=x86_64-linux-gnu --host=x86_64-linux-gnu --target=x86_64-linux-gnu
Thread model: posix
gcc version 5.4.0 20160609 (Ubuntu 5.4.0-6ubuntu1~16.04.12) 
configure:3584: $? = 0
configure:3573: gcc -V >&5
gcc: error: unrecognized command line option '-V'
gcc: fatal error: no input files
compilation terminated.
configure:3584: $? = 1
configure:3573: gcc -qversion >&5
gcc: error: unrecognized command line option '-qversion'
gcc: fatal error: no input files
compilation terminated.
configure:3584: $? = 1
configure:3604: checking whether the C compiler works
configure:3626: gcc    conftest.c  >&5
configure:3630: $? = 0
configure:3678: result: yes
configure:3681: checking for C compiler default output file name
configure:3683: result: a.out
configure:3689: checking for suffix of executables
configure:3696: gcc -o conftest    conftest.c  >&5
configure:3700: $? = 0
configure:3722: result: 
configure:3744: checking whether we are cross compiling
configure:3752: gcc -o conftest    conftest.c  >&5
configure:3756: $? = 0
configure:3763: ./conftest
configure:3767: $? = 0
configure:3782: result: no
configure:3787: checking for suffix of object files
configure:3809: gcc -c   conftest.c >&5
configure:3813: $? = 0
configure:3834: result: o
configure:3838: checking whether we are using the GNU C compiler
configure:3857: gcc -c   conftest.c >&5
configure:3857: $? = 0
configure:3866: result: yes
configure:3875: checking whether gcc accepts -g
configure:3895: gcc -c -g  conftest.c >&5
configure:3895: $? = 0
configure:3936: result: yes
configure:3953: checking for gcc option to accept ISO C89
configure:4016: gcc  -c -g -O2  conftest.c >&5
configure:4016: $? = 0
configure:4029: result: none needed
configure:4054: checking whether gcc understands -c and -o together
configure:4076: gcc -c conftest.c -o conftest2.o
configure:4079: $? = 0
configure:4076: gcc -c conftest.c -o conftest2.o
configure:4079: $? = 0
configure:4091: result: yes
configure:4119: checking for style of include used by make
configure:4147: result: GNU
configure:4173: checking dependency style of gcc
configure:4284: result: gcc3
configure:4299: checking for gcc option to accept ISO C99
configure:4448: gcc  -c -g -O2  conftest.c >&5
configure:4448: $? = 0
configure:4461: result: none needed
configure:4520: checking for ranlib
configure:4536: found /usr/bin/ranlib
configure:4547: result: ranlib
configure:4623: checking for pkg-config
configure:4641: found /usr/bin/pkg-config
configure:4653: result: /usr/bin/pkg-config
configure:4678: checking pkg-config is at least version 0.23
configure:4681: result: yes
configure:4753: checking build system type
configure:4767: result: x86_64-pc-linux-gnu
configure:4787: checking host system type
configure:4800: result: x86_64-pc-linux-gnu
configure:4841: checking how to print strings
configure:4868: result: printf
configure:4889: checking for a sed that does not truncate output
configure:4953: result: /bin/sed
configure:4971: checking for grep that handles long lines and -e
configure:5029: result: /bin/grep
configure:5034: checking for egrep
configure:5096: result: /bin/grep -E
configure:5101: checking for fgrep
configure:5163: result: /bin/grep -F
configure:5198: checking for ld used by gcc
configure:5265: result: /usr/bin/ld
configure:5272: checking if the linker (/usr/bin/ld) is GNU ld
configure:5287: result: yes
configure:5299: checking for BSD- or MS-compatible name lister (nm)
configure:5353: result: /usr/bin/nm -B
configure:5483: checking the name lister (/usr/bin/nm -B) interface
configure:5490: gcc -c -g -O2  conftest.c >&5
configure:5493: /usr/bin/nm -B "conftest.o"
configure:5496: output
0000000000000000 B some_variable
configure:5503: result: BSD nm
configure:5506: checking whether ln -s works
configure:5510: result: yes
configure:5518: checking the maximum length of command line arguments
configure:5649: result: 1572864
configure:5697: checking how to convert x86_64-pc-linux-gnu file names to x86_64-pc-linux-gnu format
configure:5737: result: func_convert_file_noop
configure:5744: checking how to convert x86_64-pc-linux-gnu file names to toolchain format
configure:5764: result: func_convert_file_noop
configure:5771: checking for /usr/bin/ld option to reload object files
configure:5778: result: -r
configure:5852: checking for objdump
configure:5868: found /usr/bin/objdump
configure:5879: result: objdump
configure:5911: checking how to recognize dependent libraries
configure:6111: result: pass_all
configure:6196: checking for dlltool
configure:6226: result: no
configure:6256: checking how to associate runtime and link libraries
configure:6283: result: printf %s\n
configure:6344: checking for ar
configure:6360: found /usr/bin/ar
configure:6371: result: ar
configure:6408: checking for archiver @FILE support
configure:6425: gcc -c -g -O2  conftest.c >&5
configure:6425: $? = 0
configure:6428: ar cru libconftest.a @conftest.lst >&5
ar: `u' modifier ignored since `D' is the default (see `U')
configure:6431: $? = 0
configure:6436: ar cru libconftest.a @conftest.lst >&5
ar: `u' modifier ignored since `D' is the default (see `U')
ar: conftest.o: No such file or directory
configure:6439: $? = 1
configure:6451: result: @
configure:6509: checking for strip
configure:6525: found /usr/bin/strip
configure:6536: result: strip
configure:6608: checking for ranlib
configure:6635: result: ranlib
configure:6737: checking command to parse /usr/bin/nm -B output from gcc object
configure:6890: gcc -c -g -O2  conftest.c >&5
configure:6893: $? = 0
configure:6897: /usr/bin/nm -B conftest.o \| sed -n -e 's/^.*[ ]\([ABCDGIRSTW][ABCDGIRSTW]*\)[ ][ ]*\([_A-Za-z][_A-Za-z0-9]*\)$/\1 \2 \2/p' | sed '/ __gnu_lto/d' \> conftest.nm
configure:6900: $? = 0
configure:6966: gcc -o conftest -g -O2   conftest.c conftstm.o >&5
configure:6969: $? = 0
configure:7007: result: ok
configure:7054: checking for sysroot
configure:7084: result: no
configure:7091: checking for a working dd
configure:7129: result: /bin/dd
configure:7133: checking how to truncate binary pipes
configure:7148: result: /bin/dd bs=4096 count=1
configure:7284: gcc -c -g -O2  conftest.c >&5
configure:7287: $? = 0
configure:7477: checking for mt
configure:7493: found /bin/mt
configure:7504: result: mt
configure:7527: checking if mt is a manifest tool
configure:7533: mt '-?'
configure:7541: result: no
configure:8218: checking how to run the C preprocessor
configure:8249: gcc -E  conftest.c
configure:8249: $? = 0
configure:8263: gcc -E  conftest.c
conftest.c:11:28: fatal error: ac_nonexistent.h: No such file or directory
compilation terminated.
configure:8263: $? = 1
configure: failed program was:
| /* confdefs.h */
| #define PACKAGE_NAME "openocd"
| #define PACKAGE_TARNAME "openocd"
| #define PACKAGE_VERSION "0.9.0"
| #define PACKAGE_STRING "openocd 0.9.0"
| #define PACKAGE_BUGREPORT "OpenOCD Mailing List <openocd-devel@lists.sourceforge.net>"
| #define PACKAGE_URL ""
| #define PACKAGE "openocd"
| #define VERSION "0.9.0"
| /* end confdefs.h.  */
| #include <ac_nonexistent.h>
configure:8288: result: gcc -E
configure:8308: gcc -E  conftest.c
configure:8308: $? = 0
configure:8322: gcc -E  conftest.c
conftest.c:11:28: fatal error: ac_nonexistent.h: No such file or directory
compilation terminated.
configure:8322: $? = 1
configure: failed program was:
| /* confdefs.h */
| #define PACKAGE_NAME "openocd"
| #define PACKAGE_TARNAME "openocd"
| #define PACKAGE_VERSION "0.9.0"
| #define PACKAGE_STRING "openocd 0.9.0"
| #define PACKAGE_BUGREPORT "OpenOCD Mailing List <openocd-devel@lists.sourceforge.net>"
| #define PACKAGE_URL ""
| #define PACKAGE "openocd"
| #define VERSION "0.9.0"
| /* end confdefs.h.  */
| #include <ac_nonexistent.h>
configure:8351: checking for ANSI C header files
configure:8371: gcc -c -g -O2  conftest.c >&5
configure:8371: $? = 0
configure:8444: gcc -o conftest -g -O2   conftest.c  >&5
configure:8444: $? = 0
configure:8444: ./conftest
configure:8444: $? = 0
configure:8455: result: yes
configure:8468: checking for sys/types.h
configure:8468: gcc -c -g -O2  conftest.c >&5
configure:8468: $? = 0
configure:8468: result: yes
configure:8468: checking for sys/stat.h
configure:8468: gcc -c -g -O2  conftest.c >&5
configure:8468: $? = 0
configure:8468: result: yes
configure:8468: checking for stdlib.h
configure:8468: gcc -c -g -O2  conftest.c >&5
configure:8468: $? = 0
configure:8468: result: yes
configure:8468: checking for string.h
configure:8468: gcc -c -g -O2  conftest.c >&5
configure:8468: $? = 0
configure:8468: result: yes
configure:8468: checking for memory.h
configure:8468: gcc -c -g -O2  conftest.c >&5
configure:8468: $? = 0
configure:8468: result: yes
configure:8468: checking for strings.h
configure:8468: gcc -c -g -O2  conftest.c >&5
configure:8468: $? = 0
configure:8468: result: yes
configure:8468: checking for inttypes.h
configure:8468: gcc -c -g -O2  conftest.c >&5
configure:8468: $? = 0
configure:8468: result: yes
configure:8468: checking for stdint.h
configure:8468: gcc -c -g -O2  conftest.c >&5
configure:8468: $? = 0
configure:8468: result: yes
configure:8468: checking for unistd.h
configure:8468: gcc -c -g -O2  conftest.c >&5
configure:8468: $? = 0
configure:8468: result: yes
configure:8482: checking for dlfcn.h
configure:8482: gcc -c -g -O2  conftest.c >&5
configure:8482: $? = 0
configure:8482: result: yes
configure:8708: checking for objdir
configure:8723: result: .libs
configure:8983: checking if gcc supports -fno-rtti -fno-exceptions
configure:9001: gcc -c -g -O2  -fno-rtti -fno-exceptions conftest.c >&5
cc1: warning: command line option '-fno-rtti' is valid for C++/ObjC++ but not for C
configure:9005: $? = 0
configure:9018: result: no
configure:9376: checking for gcc option to produce PIC
configure:9383: result: -fPIC -DPIC
configure:9391: checking if gcc PIC flag -fPIC -DPIC works
configure:9409: gcc -c -g -O2  -fPIC -DPIC -DPIC conftest.c >&5
configure:9413: $? = 0
configure:9426: result: yes
configure:9455: checking if gcc static flag -static works
configure:9483: result: yes
configure:9498: checking if gcc supports -c -o file.o
configure:9519: gcc -c -g -O2  -o out/conftest2.o conftest.c >&5
configure:9523: $? = 0
configure:9545: result: yes
configure:9553: checking if gcc supports -c -o file.o
configure:9600: result: yes
configure:9633: checking whether the gcc linker (/usr/bin/ld -m elf_x86_64) supports shared libraries
configure:10896: result: yes
configure:11136: checking dynamic linker characteristics
configure:11717: gcc -o conftest -g -O2   -Wl,-rpath -Wl,/foo conftest.c  >&5
configure:11717: $? = 0
configure:11966: result: GNU/Linux ld.so
configure:12088: checking how to hardcode library paths into programs
configure:12113: result: immediate
configure:12661: checking whether stripping libraries is possible
configure:12666: result: yes
configure:12701: checking if libtool supports shared libraries
configure:12703: result: yes
configure:12706: checking whether to build shared libraries
configure:12731: result: no
configure:12734: checking whether to build static libraries
configure:12738: result: yes
configure:12777: checking for an ANSI C-conforming const
configure:12843: gcc -c -g -O2  conftest.c >&5
configure:12843: $? = 0
configure:12850: result: yes
configure:12859: checking for unsigned long long int
configure:12907: result: yes
configure:12917: checking for long long int
configure:12967: result: yes
configure:12976: checking for library containing ioperm
configure:13007: gcc -o conftest -g -O2   conftest.c  >&5
configure:13007: $? = 0
configure:13024: result: none required
configure:13032: checking for library containing dlopen
configure:13063: gcc -o conftest -g -O2   conftest.c  >&5
/tmp/ccu3sgyX.o: In function `main':
/home/se/JTAG/openocd-0.9.0/conftest.c:36: undefined reference to `dlopen'
collect2: error: ld returned 1 exit status
configure:13063: $? = 1
configure: failed program was:
| /* confdefs.h */
| #define PACKAGE_NAME "openocd"
| #define PACKAGE_TARNAME "openocd"
| #define PACKAGE_VERSION "0.9.0"
| #define PACKAGE_STRING "openocd 0.9.0"
| #define PACKAGE_BUGREPORT "OpenOCD Mailing List <openocd-devel@lists.sourceforge.net>"
| #define PACKAGE_URL ""
| #define PACKAGE "openocd"
| #define VERSION "0.9.0"
| #define STDC_HEADERS 1
| #define HAVE_SYS_TYPES_H 1
| #define HAVE_SYS_STAT_H 1
| #define HAVE_STDLIB_H 1
| #define HAVE_STRING_H 1
| #define HAVE_MEMORY_H 1
| #define HAVE_STRINGS_H 1
| #define HAVE_INTTYPES_H 1
| #define HAVE_STDINT_H 1
| #define HAVE_UNISTD_H 1
| #define HAVE_DLFCN_H 1
| #define LT_OBJDIR ".libs/"
| #define HAVE_UNSIGNED_LONG_LONG_INT 1
| #define HAVE_LONG_LONG_INT 1
| /* end confdefs.h.  */
| 
| /* Override any GCC internal prototype to avoid an error.
|    Use char because int might match the return type of a GCC
|    builtin and then its argument prototype would still apply.  */
| #ifdef __cplusplus
| extern "C"
| #endif
| char dlopen ();
| int
| main ()
| {
| return dlopen ();
|   ;
|   return 0;
| }
configure:13063: gcc -o conftest -g -O2   conftest.c -ldl   >&5
configure:13063: $? = 0
configure:13080: result: -ldl
configure:13091: checking sys/socket.h usability
configure:13091: gcc -c -g -O2  conftest.c >&5
configure:13091: $? = 0
configure:13091: result: yes
configure:13091: checking sys/socket.h presence
configure:13091: gcc -E  conftest.c
configure:13091: $? = 0
configure:13091: result: yes
configure:13091: checking for sys/socket.h
configure:13091: result: yes
configure:13103: checking for arpa/inet.h
configure:13103: gcc -c -g -O2  conftest.c >&5
configure:13103: $? = 0
configure:13103: result: yes
configure:13128: checking elf.h usability
configure:13128: gcc -c -g -O2  conftest.c >&5
configure:13128: $? = 0
configure:13128: result: yes
configure:13128: checking elf.h presence
configure:13128: gcc -E  conftest.c
configure:13128: $? = 0
configure:13128: result: yes
configure:13128: checking for elf.h
configure:13128: result: yes
configure:13140: checking dirent.h usability
configure:13140: gcc -c -g -O2  conftest.c >&5
configure:13140: $? = 0
configure:13140: result: yes
configure:13140: checking dirent.h presence
configure:13140: gcc -E  conftest.c
configure:13140: $? = 0
configure:13140: result: yes
configure:13140: checking for dirent.h
configure:13140: result: yes
configure:13152: checking fcntl.h usability
configure:13152: gcc -c -g -O2  conftest.c >&5
configure:13152: $? = 0
configure:13152: result: yes
configure:13152: checking fcntl.h presence
configure:13152: gcc -E  conftest.c
configure:13152: $? = 0
configure:13152: result: yes
configure:13152: checking for fcntl.h
configure:13152: result: yes
configure:13164: checking for ifaddrs.h
configure:13164: gcc -c -g -O2  conftest.c >&5
configure:13164: $? = 0
configure:13164: result: yes
configure:13189: checking malloc.h usability
configure:13189: gcc -c -g -O2  conftest.c >&5
configure:13189: $? = 0
configure:13189: result: yes
configure:13189: checking malloc.h presence
configure:13189: gcc -E  conftest.c
configure:13189: $? = 0
configure:13189: result: yes
configure:13189: checking for malloc.h
configure:13189: result: yes
configure:13201: checking netdb.h usability
configure:13201: gcc -c -g -O2  conftest.c >&5
configure:13201: $? = 0
configure:13201: result: yes
configure:13201: checking netdb.h presence
configure:13201: gcc -E  conftest.c
configure:13201: $? = 0
configure:13201: result: yes
configure:13201: checking for netdb.h
configure:13201: result: yes
configure:13213: checking for netinet/in.h
configure:13213: gcc -c -g -O2  conftest.c >&5
configure:13213: $? = 0
configure:13213: result: yes
configure:13238: checking for netinet/tcp.h
configure:13238: gcc -c -g -O2  conftest.c >&5
configure:13238: $? = 0
configure:13238: result: yes
configure:13263: checking pthread.h usability
configure:13263: gcc -c -g -O2  conftest.c >&5
configure:13263: $? = 0
configure:13263: result: yes
configure:13263: checking pthread.h presence
configure:13263: gcc -E  conftest.c
configure:13263: $? = 0
configure:13263: result: yes
configure:13263: checking for pthread.h
configure:13263: result: yes
configure:13275: checking for strings.h
configure:13275: result: yes
configure:13287: checking sys/ioctl.h usability
configure:13287: gcc -c -g -O2  conftest.c >&5
configure:13287: $? = 0
configure:13287: result: yes
configure:13287: checking sys/ioctl.h presence
configure:13287: gcc -E  conftest.c
configure:13287: $? = 0
configure:13287: result: yes
configure:13287: checking for sys/ioctl.h
configure:13287: result: yes
configure:13299: checking sys/param.h usability
configure:13299: gcc -c -g -O2  conftest.c >&5
configure:13299: $? = 0
configure:13299: result: yes
configure:13299: checking sys/param.h presence
configure:13299: gcc -E  conftest.c
configure:13299: $? = 0
configure:13299: result: yes
configure:13299: checking for sys/param.h
configure:13299: result: yes
configure:13311: checking sys/poll.h usability
configure:13311: gcc -c -g -O2  conftest.c >&5
configure:13311: $? = 0
configure:13311: result: yes
configure:13311: checking sys/poll.h presence
configure:13311: gcc -E  conftest.c
configure:13311: $? = 0
configure:13311: result: yes
configure:13311: checking for sys/poll.h
configure:13311: result: yes
configure:13323: checking sys/select.h usability
configure:13323: gcc -c -g -O2  conftest.c >&5
configure:13323: $? = 0
configure:13323: result: yes
configure:13323: checking sys/select.h presence
configure:13323: gcc -E  conftest.c
configure:13323: $? = 0
configure:13323: result: yes
configure:13323: checking for sys/select.h
configure:13323: result: yes
configure:13335: checking for sys/stat.h
configure:13335: result: yes
configure:13347: checking sys/time.h usability
configure:13347: gcc -c -g -O2  conftest.c >&5
configure:13347: $? = 0
configure:13347: result: yes
configure:13347: checking sys/time.h presence
configure:13347: gcc -E  conftest.c
configure:13347: $? = 0
configure:13347: result: yes
configure:13347: checking for sys/time.h
configure:13347: result: yes
configure:13359: checking for sys/types.h
configure:13359: result: yes
configure:13371: checking for unistd.h
configure:13371: result: yes
configure:13383: checking for net/if.h
configure:13383: gcc -c -g -O2  conftest.c >&5
configure:13383: $? = 0
configure:13383: result: yes
configure:13408: checking whether to enable assertions
configure:13426: result: yes
configure:13429: checking for stdbool.h that conforms to C99
configure:13496: gcc -c -g -O2  conftest.c >&5
configure:13496: $? = 0
configure:13503: result: yes
configure:13505: checking for _Bool
configure:13505: gcc -c -g -O2  conftest.c >&5
configure:13505: $? = 0
configure:13505: gcc -c -g -O2  conftest.c >&5
conftest.c: In function 'main':
conftest.c:82:20: error: expected expression before ')' token
 if (sizeof ((_Bool)))
                    ^
configure:13505: $? = 1
configure: failed program was:
| /* confdefs.h */
| #define PACKAGE_NAME "openocd"
| #define PACKAGE_TARNAME "openocd"
| #define PACKAGE_VERSION "0.9.0"
| #define PACKAGE_STRING "openocd 0.9.0"
| #define PACKAGE_BUGREPORT "OpenOCD Mailing List <openocd-devel@lists.sourceforge.net>"
| #define PACKAGE_URL ""
| #define PACKAGE "openocd"
| #define VERSION "0.9.0"
| #define STDC_HEADERS 1
| #define HAVE_SYS_TYPES_H 1
| #define HAVE_SYS_STAT_H 1
| #define HAVE_STDLIB_H 1
| #define HAVE_STRING_H 1
| #define HAVE_MEMORY_H 1
| #define HAVE_STRINGS_H 1
| #define HAVE_INTTYPES_H 1
| #define HAVE_STDINT_H 1
| #define HAVE_UNISTD_H 1
| #define HAVE_DLFCN_H 1
| #define LT_OBJDIR ".libs/"
| #define HAVE_UNSIGNED_LONG_LONG_INT 1
| #define HAVE_LONG_LONG_INT 1
| #define HAVE_SYS_SOCKET_H 1
| #define HAVE_ARPA_INET_H 1
| #define HAVE_ELF_H 1
| #define HAVE_DIRENT_H 1
| #define HAVE_FCNTL_H 1
| #define HAVE_IFADDRS_H 1
| #define HAVE_MALLOC_H 1
| #define HAVE_NETDB_H 1
| #define HAVE_NETINET_IN_H 1
| #define HAVE_NETINET_TCP_H 1
| #define HAVE_PTHREAD_H 1
| #define HAVE_STRINGS_H 1
| #define HAVE_SYS_IOCTL_H 1
| #define HAVE_SYS_PARAM_H 1
| #define HAVE_SYS_POLL_H 1
| #define HAVE_SYS_SELECT_H 1
| #define HAVE_SYS_STAT_H 1
| #define HAVE_SYS_TIME_H 1
| #define HAVE_SYS_TYPES_H 1
| #define HAVE_UNISTD_H 1
| #define HAVE_NET_IF_H 1
| /* end confdefs.h.  */
| #include <stdio.h>
| #ifdef HAVE_SYS_TYPES_H
| # include <sys/types.h>
| #endif
| #ifdef HAVE_SYS_STAT_H
| # include <sys/stat.h>
| #endif
| #ifdef STDC_HEADERS
| # include <stdlib.h>
| # include <stddef.h>
| #else
| # ifdef HAVE_STDLIB_H
| #  include <stdlib.h>
| # endif
| #endif
| #ifdef HAVE_STRING_H
| # if !defined STDC_HEADERS && defined HAVE_MEMORY_H
| #  include <memory.h>
| # endif
| # include <string.h>
| #endif
| #ifdef HAVE_STRINGS_H
| # include <strings.h>
| #endif
| #ifdef HAVE_INTTYPES_H
| # include <inttypes.h>
| #endif
| #ifdef HAVE_STDINT_H
| # include <stdint.h>
| #endif
| #ifdef HAVE_UNISTD_H
| # include <unistd.h>
| #endif
| int
| main ()
| {
| if (sizeof ((_Bool)))
| 	    return 0;
|   ;
|   return 0;
| }
configure:13505: result: yes
configure:13522: checking whether time.h and sys/time.h may both be included
configure:13542: gcc -c -g -O2  conftest.c >&5
configure:13542: $? = 0
configure:13549: result: yes
configure:13558: checking whether byte ordering is bigendian
configure:13573: gcc -c -g -O2  conftest.c >&5
conftest.c:50:9: error: unknown type name 'not'
         not a universal capable compiler
         ^
conftest.c:50:15: error: expected '=', ',', ';', 'asm' or '__attribute__' before 'universal'
         not a universal capable compiler
               ^
conftest.c:50:15: error: unknown type name 'universal'
configure:13573: $? = 1
configure: failed program was:
| /* confdefs.h */
| #define PACKAGE_NAME "openocd"
| #define PACKAGE_TARNAME "openocd"
| #define PACKAGE_VERSION "0.9.0"
| #define PACKAGE_STRING "openocd 0.9.0"
| #define PACKAGE_BUGREPORT "OpenOCD Mailing List <openocd-devel@lists.sourceforge.net>"
| #define PACKAGE_URL ""
| #define PACKAGE "openocd"
| #define VERSION "0.9.0"
| #define STDC_HEADERS 1
| #define HAVE_SYS_TYPES_H 1
| #define HAVE_SYS_STAT_H 1
| #define HAVE_STDLIB_H 1
| #define HAVE_STRING_H 1
| #define HAVE_MEMORY_H 1
| #define HAVE_STRINGS_H 1
| #define HAVE_INTTYPES_H 1
| #define HAVE_STDINT_H 1
| #define HAVE_UNISTD_H 1
| #define HAVE_DLFCN_H 1
| #define LT_OBJDIR ".libs/"
| #define HAVE_UNSIGNED_LONG_LONG_INT 1
| #define HAVE_LONG_LONG_INT 1
| #define HAVE_SYS_SOCKET_H 1
| #define HAVE_ARPA_INET_H 1
| #define HAVE_ELF_H 1
| #define HAVE_DIRENT_H 1
| #define HAVE_FCNTL_H 1
| #define HAVE_IFADDRS_H 1
| #define HAVE_MALLOC_H 1
| #define HAVE_NETDB_H 1
| #define HAVE_NETINET_IN_H 1
| #define HAVE_NETINET_TCP_H 1
| #define HAVE_PTHREAD_H 1
| #define HAVE_STRINGS_H 1
| #define HAVE_SYS_IOCTL_H 1
| #define HAVE_SYS_PARAM_H 1
| #define HAVE_SYS_POLL_H 1
| #define HAVE_SYS_SELECT_H 1
| #define HAVE_SYS_STAT_H 1
| #define HAVE_SYS_TIME_H 1
| #define HAVE_SYS_TYPES_H 1
| #define HAVE_UNISTD_H 1
| #define HAVE_NET_IF_H 1
| #define HAVE__BOOL 1
| #define HAVE_STDBOOL_H 1
| #define TIME_WITH_SYS_TIME 1
| /* end confdefs.h.  */
| #ifndef __APPLE_CC__
| 	       not a universal capable compiler
| 	     #endif
| 	     typedef int dummy;
| 
configure:13618: gcc -c -g -O2  conftest.c >&5
configure:13618: $? = 0
configure:13636: gcc -c -g -O2  conftest.c >&5
conftest.c: In function 'main':
conftest.c:56:4: error: unknown type name 'not'
    not big endian
    ^
conftest.c:56:12: error: expected '=', ',', ';', 'asm' or '__attribute__' before 'endian'
    not big endian
            ^
configure:13636: $? = 1
configure: failed program was:
| /* confdefs.h */
| #define PACKAGE_NAME "openocd"
| #define PACKAGE_TARNAME "openocd"
| #define PACKAGE_VERSION "0.9.0"
| #define PACKAGE_STRING "openocd 0.9.0"
| #define PACKAGE_BUGREPORT "OpenOCD Mailing List <openocd-devel@lists.sourceforge.net>"
| #define PACKAGE_URL ""
| #define PACKAGE "openocd"
| #define VERSION "0.9.0"
| #define STDC_HEADERS 1
| #define HAVE_SYS_TYPES_H 1
| #define HAVE_SYS_STAT_H 1
| #define HAVE_STDLIB_H 1
| #define HAVE_STRING_H 1
| #define HAVE_MEMORY_H 1
| #define HAVE_STRINGS_H 1
| #define HAVE_INTTYPES_H 1
| #define HAVE_STDINT_H 1
| #define HAVE_UNISTD_H 1
| #define HAVE_DLFCN_H 1
| #define LT_OBJDIR ".libs/"
| #define HAVE_UNSIGNED_LONG_LONG_INT 1
| #define HAVE_LONG_LONG_INT 1
| #define HAVE_SYS_SOCKET_H 1
| #define HAVE_ARPA_INET_H 1
| #define HAVE_ELF_H 1
| #define HAVE_DIRENT_H 1
| #define HAVE_FCNTL_H 1
| #define HAVE_IFADDRS_H 1
| #define HAVE_MALLOC_H 1
| #define HAVE_NETDB_H 1
| #define HAVE_NETINET_IN_H 1
| #define HAVE_NETINET_TCP_H 1
| #define HAVE_PTHREAD_H 1
| #define HAVE_STRINGS_H 1
| #define HAVE_SYS_IOCTL_H 1
| #define HAVE_SYS_PARAM_H 1
| #define HAVE_SYS_POLL_H 1
| #define HAVE_SYS_SELECT_H 1
| #define HAVE_SYS_STAT_H 1
| #define HAVE_SYS_TIME_H 1
| #define HAVE_SYS_TYPES_H 1
| #define HAVE_UNISTD_H 1
| #define HAVE_NET_IF_H 1
| #define HAVE__BOOL 1
| #define HAVE_STDBOOL_H 1
| #define TIME_WITH_SYS_TIME 1
| /* end confdefs.h.  */
| #include <sys/types.h>
| 		#include <sys/param.h>
| 
| int
| main ()
| {
| #if BYTE_ORDER != BIG_ENDIAN
| 		 not big endian
| 		#endif
| 
|   ;
|   return 0;
| }
configure:13764: result: no
configure:13785: checking for strndup
configure:13785: gcc -o conftest -g -O2   conftest.c -ldl  >&5
conftest.c:72:6: warning: conflicting types for built-in function 'strndup'
 char strndup ();
      ^
configure:13785: $? = 0
configure:13785: result: yes
configure:13796: checking for strnlen
configure:13796: gcc -o conftest -g -O2   conftest.c -ldl  >&5
configure:13796: $? = 0
configure:13796: result: yes
configure:13807: checking for gettimeofday
configure:13807: gcc -o conftest -g -O2   conftest.c -ldl  >&5
configure:13807: $? = 0
configure:13807: result: yes
configure:13818: checking for usleep
configure:13818: gcc -o conftest -g -O2   conftest.c -ldl  >&5
configure:13818: $? = 0
configure:13818: result: yes
configure:13829: checking for vasprintf
configure:13829: gcc -o conftest -g -O2   conftest.c -ldl  >&5
configure:13829: $? = 0
configure:13829: result: yes
configure:13847: checking whether to build a release
configure:13854: result: yes
configure:13992: checking whether to build Doxygen as HTML
configure:13994: result: yes
configure:14005: checking whether to build Doxygen as PDF
configure:14007: result: no
configure:14067: checking whether to enable verbose JTAG I/O messages
configure:14069: result: no
configure:14077: checking whether to enable verbose USB I/O messages
configure:14079: result: no
configure:14087: checking whether to enable verbose USB communication messages
configure:14089: result: no
configure:14104: checking whether to enable malloc free space logging
configure:14106: result: no
configure:14457: checking whether to enable ZY1000 minidriver
configure:14468: result: no
configure:14479: checking whether to enable dummy minidriver
configure:14493: result: no
configure:14496: checking whether standard drivers can be built
configure:14505: result: yes
configure:15311: checking for LIBFTDI
configure:15318: $PKG_CONFIG --exists --print-errors "libftdi1"
Package libftdi1 was not found in the pkg-config search path.
Perhaps you should add the directory containing `libftdi1.pc'
to the PKG_CONFIG_PATH environment variable
No package 'libftdi1' found
configure:15321: $? = 1
configure:15335: $PKG_CONFIG --exists --print-errors "libftdi1"
Package libftdi1 was not found in the pkg-config search path.
Perhaps you should add the directory containing `libftdi1.pc'
to the PKG_CONFIG_PATH environment variable
No package 'libftdi1' found
configure:15338: $? = 1
configure:15352: result: no
No package 'libftdi1' found
configure:15383: checking for LIBFTDI
configure:15390: $PKG_CONFIG --exists --print-errors "libftdi"
configure:15393: $? = 0
configure:15407: $PKG_CONFIG --exists --print-errors "libftdi"
configure:15410: $? = 0
configure:15448: result: yes
configure:15459: checking Build & Link with libftdi...
configure:15559: gcc -o conftest -g -O2    conftest.c -ldl -lftdi >&5
configure:15559: $? = 0
configure:15559: ./conftest
configure:15559: $? = 0
configure:15561: result: Success
configure:15574: checking for libftdi highspeed device support
configure:15592: gcc -c -g -O2   conftest.c >&5
configure:15592: $? = 0
configure:15605: result: yes
configure:15613: checking for libftdi FT232H device support
configure:15631: gcc -c -g -O2   conftest.c >&5
configure:15631: $? = 0
configure:15644: result: yes
configure:15660: checking for LIBUSB1
configure:15667: $PKG_CONFIG --exists --print-errors "libusb-1.0"
configure:15670: $? = 0
configure:15684: $PKG_CONFIG --exists --print-errors "libusb-1.0"
configure:15687: $? = 0
configure:15733: result: yes
configure:15741: $PKG_CONFIG --exists --print-errors "libusb-1.0 >= 1.0.9"
configure:15744: $? = 0
configure:15754: libusb-1.0 header bug workaround: LIBUSB1_CFLAGS changed to "-isystem /usr/include/libusb-1.0"
configure:15761: checking for LIBUSB0
configure:15768: $PKG_CONFIG --exists --print-errors "libusb"
configure:15771: $? = 0
configure:15785: $PKG_CONFIG --exists --print-errors "libusb"
configure:15788: $? = 0
configure:15826: result: yes
configure:15834: checking for HIDAPI
configure:15841: $PKG_CONFIG --exists --print-errors "$hidapi_lib"
Package hidapi was not found in the pkg-config search path.
Perhaps you should add the directory containing `hidapi.pc'
to the PKG_CONFIG_PATH environment variable
No package 'hidapi' found
configure:15844: $? = 1
configure:15858: $PKG_CONFIG --exists --print-errors "$hidapi_lib"
Package hidapi was not found in the pkg-config search path.
Perhaps you should add the directory containing `hidapi.pc'
to the PKG_CONFIG_PATH environment variable
No package 'hidapi' found
configure:15861: $? = 1
configure:15875: result: no
No package 'hidapi' found
configure:15834: checking for HIDAPI
configure:15841: $PKG_CONFIG --exists --print-errors "$hidapi_lib"
Package hidapi-hidraw was not found in the pkg-config search path.
Perhaps you should add the directory containing `hidapi-hidraw.pc'
to the PKG_CONFIG_PATH environment variable
No package 'hidapi-hidraw' found
configure:15844: $? = 1
configure:15858: $PKG_CONFIG --exists --print-errors "$hidapi_lib"
Package hidapi-hidraw was not found in the pkg-config search path.
Perhaps you should add the directory containing `hidapi-hidraw.pc'
to the PKG_CONFIG_PATH environment variable
No package 'hidapi-hidraw' found
configure:15861: $? = 1
configure:15875: result: no
No package 'hidapi-hidraw' found
configure:15834: checking for HIDAPI
configure:15841: $PKG_CONFIG --exists --print-errors "$hidapi_lib"
Package hidapi-libusb was not found in the pkg-config search path.
Perhaps you should add the directory containing `hidapi-libusb.pc'
to the PKG_CONFIG_PATH environment variable
No package 'hidapi-libusb' found
configure:15844: $? = 1
configure:15858: $PKG_CONFIG --exists --print-errors "$hidapi_lib"
Package hidapi-libusb was not found in the pkg-config search path.
Perhaps you should add the directory containing `hidapi-libusb.pc'
to the PKG_CONFIG_PATH environment variable
No package 'hidapi-libusb' found
configure:15861: $? = 1
configure:15875: result: no
No package 'hidapi-libusb' found
configure:16595: checking for environ in unistd.h and stdlib.h
configure:16613: gcc -c -g -O2  conftest.c >&5
configure:16613: $? = 0
configure:16615: result: yes
configure:16800: checking that generated files are newer than configure
configure:16806: result: done
configure:17038: creating ./config.status

## ---------------------- ##
## Running config.status. ##
## ---------------------- ##

This file was extended by openocd config.status 0.9.0, which was
generated by GNU Autoconf 2.69.  Invocation command line was

  CONFIG_FILES    = 
  CONFIG_HEADERS  = 
  CONFIG_LINKS    = 
  CONFIG_COMMANDS = 
  $ ./config.status 

on Ubuntu-16

config.status:1300: creating Makefile
config.status:1300: creating src/Makefile
config.status:1300: creating src/helper/Makefile
config.status:1300: creating src/jtag/Makefile
config.status:1300: creating src/jtag/drivers/Makefile
config.status:1300: creating src/jtag/drivers/usb_blaster/Makefile
config.status:1300: creating src/jtag/hla/Makefile
config.status:1300: creating src/jtag/aice/Makefile
config.status:1300: creating src/transport/Makefile
config.status:1300: creating src/target/openrisc/Makefile
config.status:1300: creating src/xsvf/Makefile
config.status:1300: creating src/svf/Makefile
config.status:1300: creating src/target/Makefile
config.status:1300: creating src/rtos/Makefile
config.status:1300: creating src/server/Makefile
config.status:1300: creating src/flash/Makefile
config.status:1300: creating src/flash/nor/Makefile
config.status:1300: creating src/flash/nand/Makefile
config.status:1300: creating src/pld/Makefile
config.status:1300: creating doc/Makefile
config.status:1300: creating config.h
config.status:1481: config.h is unchanged
config.status:1529: executing depfiles commands
config.status:1529: executing libtool commands
configure:19266: === configuring in jimtcl (/home/se/JTAG/openocd-0.9.0/jimtcl)
configure:19329: running /bin/sh ./configure.gnu --disable-option-checking '--prefix=/usr/local'  '--enable-legacy-ft2232_libftdi' --cache-file=/dev/null --srcdir=.
configure:19528: WARNING: Building the deprecated 'ft2232' adapter driver.

## ---------------- ##
## Cache variables. ##
## ---------------- ##

ac_cv_build=x86_64-pc-linux-gnu
ac_cv_c_bigendian=no
ac_cv_c_compiler_gnu=yes
ac_cv_c_const=yes
ac_cv_env_CC_set=
ac_cv_env_CC_value=
ac_cv_env_CFLAGS_set=
ac_cv_env_CFLAGS_value=
ac_cv_env_CPPFLAGS_set=
ac_cv_env_CPPFLAGS_value=
ac_cv_env_CPP_set=
ac_cv_env_CPP_value=
ac_cv_env_HIDAPI_CFLAGS_set=
ac_cv_env_HIDAPI_CFLAGS_value=
ac_cv_env_HIDAPI_LIBS_set=
ac_cv_env_HIDAPI_LIBS_value=
ac_cv_env_LDFLAGS_set=
ac_cv_env_LDFLAGS_value=
ac_cv_env_LIBFTDI_CFLAGS_set=
ac_cv_env_LIBFTDI_CFLAGS_value=
ac_cv_env_LIBFTDI_LIBS_set=
ac_cv_env_LIBFTDI_LIBS_value=
ac_cv_env_LIBS_set=
ac_cv_env_LIBS_value=
ac_cv_env_LIBUSB0_CFLAGS_set=
ac_cv_env_LIBUSB0_CFLAGS_value=
ac_cv_env_LIBUSB0_LIBS_set=
ac_cv_env_LIBUSB0_LIBS_value=
ac_cv_env_LIBUSB1_CFLAGS_set=
ac_cv_env_LIBUSB1_CFLAGS_value=
ac_cv_env_LIBUSB1_LIBS_set=
ac_cv_env_LIBUSB1_LIBS_value=
ac_cv_env_LT_SYS_LIBRARY_PATH_set=
ac_cv_env_LT_SYS_LIBRARY_PATH_value=
ac_cv_env_PKG_CONFIG_LIBDIR_set=
ac_cv_env_PKG_CONFIG_LIBDIR_value=
ac_cv_env_PKG_CONFIG_PATH_set=
ac_cv_env_PKG_CONFIG_PATH_value=
ac_cv_env_PKG_CONFIG_set=
ac_cv_env_PKG_CONFIG_value=
ac_cv_env_build_alias_set=
ac_cv_env_build_alias_value=
ac_cv_env_host_alias_set=
ac_cv_env_host_alias_value=
ac_cv_env_target_alias_set=
ac_cv_env_target_alias_value=
ac_cv_func_gettimeofday=yes
ac_cv_func_strndup=yes
ac_cv_func_strnlen=yes
ac_cv_func_usleep=yes
ac_cv_func_vasprintf=yes
ac_cv_header_arpa_inet_h=yes
ac_cv_header_dirent_h=yes
ac_cv_header_dlfcn_h=yes
ac_cv_header_elf_h=yes
ac_cv_header_fcntl_h=yes
ac_cv_header_ifaddrs_h=yes
ac_cv_header_inttypes_h=yes
ac_cv_header_malloc_h=yes
ac_cv_header_memory_h=yes
ac_cv_header_net_if_h=yes
ac_cv_header_netdb_h=yes
ac_cv_header_netinet_in_h=yes
ac_cv_header_netinet_tcp_h=yes
ac_cv_header_pthread_h=yes
ac_cv_header_stdbool_h=yes
ac_cv_header_stdc=yes
ac_cv_header_stdint_h=yes
ac_cv_header_stdlib_h=yes
ac_cv_header_string_h=yes
ac_cv_header_strings_h=yes
ac_cv_header_sys_ioctl_h=yes
ac_cv_header_sys_param_h=yes
ac_cv_header_sys_poll_h=yes
ac_cv_header_sys_select_h=yes
ac_cv_header_sys_socket_h=yes
ac_cv_header_sys_stat_h=yes
ac_cv_header_sys_time_h=yes
ac_cv_header_sys_types_h=yes
ac_cv_header_time=yes
ac_cv_header_unistd_h=yes
ac_cv_host=x86_64-pc-linux-gnu
ac_cv_objext=o
ac_cv_path_EGREP='/bin/grep -E'
ac_cv_path_FGREP='/bin/grep -F'
ac_cv_path_GREP=/bin/grep
ac_cv_path_SED=/bin/sed
ac_cv_path_ac_pt_PKG_CONFIG=/usr/bin/pkg-config
ac_cv_path_install='/usr/bin/install -c'
ac_cv_path_lt_DD=/bin/dd
ac_cv_path_mkdir=/bin/mkdir
ac_cv_prog_AWK=mawk
ac_cv_prog_CPP='gcc -E'
ac_cv_prog_ac_ct_AR=ar
ac_cv_prog_ac_ct_CC=gcc
ac_cv_prog_ac_ct_MANIFEST_TOOL=mt
ac_cv_prog_ac_ct_OBJDUMP=objdump
ac_cv_prog_ac_ct_RANLIB=ranlib
ac_cv_prog_ac_ct_STRIP=strip
ac_cv_prog_cc_c89=
ac_cv_prog_cc_c99=
ac_cv_prog_cc_g=yes
ac_cv_prog_make_make_set=yes
ac_cv_search_dlopen=-ldl
ac_cv_search_ioperm='none required'
ac_cv_type__Bool=yes
ac_cv_type_long_long_int=yes
ac_cv_type_unsigned_long_long_int=yes
am_cv_CC_dependencies_compiler_type=gcc3
am_cv_make_support_nested_variables=yes
am_cv_prog_cc_c_o=yes
lt_cv_ar_at_file=@
lt_cv_deplibs_check_method=pass_all
lt_cv_file_magic_cmd='$MAGIC_CMD'
lt_cv_file_magic_test_file=
lt_cv_ld_reload_flag=-r
lt_cv_nm_interface='BSD nm'
lt_cv_objdir=.libs
lt_cv_path_LD=/usr/bin/ld
lt_cv_path_NM='/usr/bin/nm -B'
lt_cv_path_mainfest_tool=no
lt_cv_prog_compiler_c_o=yes
lt_cv_prog_compiler_pic='-fPIC -DPIC'
lt_cv_prog_compiler_pic_works=yes
lt_cv_prog_compiler_rtti_exceptions=no
lt_cv_prog_compiler_static_works=yes
lt_cv_prog_gnu_ld=yes
lt_cv_sharedlib_from_linklib_cmd='printf %s\n'
lt_cv_shlibpath_overrides_runpath=no
lt_cv_sys_global_symbol_pipe='sed -n -e '\''s/^.*[	 ]\([ABCDGIRSTW][ABCDGIRSTW]*\)[	 ][	 ]*\([_A-Za-z][_A-Za-z0-9]*\)$/\1 \2 \2/p'\'' | sed '\''/ __gnu_lto/d'\'''
lt_cv_sys_global_symbol_to_c_name_address='sed -n -e '\''s/^: \(.*\) .*$/  {"\1", (void *) 0},/p'\'' -e '\''s/^[ABCDGIRSTW][ABCDGIRSTW]* .* \(.*\)$/  {"\1", (void *) \&\1},/p'\'''
lt_cv_sys_global_symbol_to_c_name_address_lib_prefix='sed -n -e '\''s/^: \(.*\) .*$/  {"\1", (void *) 0},/p'\'' -e '\''s/^[ABCDGIRSTW][ABCDGIRSTW]* .* \(lib.*\)$/  {"\1", (void *) \&\1},/p'\'' -e '\''s/^[ABCDGIRSTW][ABCDGIRSTW]* .* \(.*\)$/  {"lib\1", (void *) \&\1},/p'\'''
lt_cv_sys_global_symbol_to_cdecl='sed -n -e '\''s/^T .* \(.*\)$/extern int \1();/p'\'' -e '\''s/^[ABCDGIRSTW][ABCDGIRSTW]* .* \(.*\)$/extern char \1;/p'\'''
lt_cv_sys_global_symbol_to_import=
lt_cv_sys_max_cmd_len=1572864
lt_cv_to_host_file_cmd=func_convert_file_noop
lt_cv_to_tool_file_cmd=func_convert_file_noop
lt_cv_truncate_bin='/bin/dd bs=4096 count=1'
pkg_cv_LIBFTDI_CFLAGS=
pkg_cv_LIBFTDI_LIBS=-lftdi
pkg_cv_LIBUSB0_CFLAGS=
pkg_cv_LIBUSB0_LIBS=-lusb
pkg_cv_LIBUSB1_CFLAGS=-I/usr/include/libusb-1.0
pkg_cv_LIBUSB1_LIBS=-lusb-1.0

## ----------------- ##
## Output variables. ##
## ----------------- ##

ACLOCAL='${SHELL} /home/se/JTAG/openocd-0.9.0/missing aclocal-1.15'
AICE_FALSE='#'
AICE_TRUE=''
AMDEPBACKSLASH='\'
AMDEP_FALSE='#'
AMDEP_TRUE=''
AMTAR='$${TAR-tar}'
AMTJTAGACCEL_FALSE=''
AMTJTAGACCEL_TRUE='#'
AM_BACKSLASH='\'
AM_DEFAULT_V='$(AM_DEFAULT_VERBOSITY)'
AM_DEFAULT_VERBOSITY='1'
AM_V='$(V)'
AR='ar'
ARMJTAGEW_FALSE='#'
ARMJTAGEW_TRUE=''
AT91RM9200_FALSE=''
AT91RM9200_TRUE='#'
AUTOCONF='${SHELL} /home/se/JTAG/openocd-0.9.0/missing autoconf'
AUTOHEADER='${SHELL} /home/se/JTAG/openocd-0.9.0/missing autoheader'
AUTOMAKE='${SHELL} /home/se/JTAG/openocd-0.9.0/missing automake-1.15'
AWK='mawk'
BCM2835GPIO_FALSE=''
BCM2835GPIO_TRUE='#'
BITBANG_FALSE=''
BITBANG_TRUE='#'
BITQ_FALSE=''
BITQ_TRUE='#'
BUSPIRATE_FALSE=''
BUSPIRATE_TRUE='#'
CC='gcc'
CCDEPMODE='depmode=gcc3'
CFLAGS='-g -O2 -Wall -Wstrict-prototypes -Wformat-security -Wshadow -Wextra -Wno-unused-parameter -Wbad-function-cast -Wcast-align -Wredundant-decls -Werror'
CMSIS_DAP_FALSE=''
CMSIS_DAP_TRUE='#'
CPP='gcc -E'
CPPFLAGS=''
CYGPATH_W='echo'
DEFS='-DHAVE_CONFIG_H'
DEPDIR='.deps'
DLLTOOL='false'
DSYMUTIL=''
DUMMY_FALSE=''
DUMMY_TRUE='#'
DUMPBIN=''
ECHO_C=''
ECHO_N='-n'
ECHO_T=''
EGREP='/bin/grep -E'
EP93XX_FALSE=''
EP93XX_TRUE='#'
EXEEXT=''
FGREP='/bin/grep -F'
FT2232_DRIVER_FALSE='#'
FT2232_DRIVER_TRUE=''
FT2232_LIBFTDI_FALSE='#'
FT2232_LIBFTDI_TRUE=''
FTDI_FALSE='#'
FTDI_TRUE=''
GIVEIO_FALSE=''
GIVEIO_TRUE='#'
GREP='/bin/grep'
GW16012_FALSE=''
GW16012_TRUE='#'
HIDAPI_CFLAGS=''
HIDAPI_LIBS=''
HLADAPTER_FALSE='#'
HLADAPTER_ICDI_FALSE='#'
HLADAPTER_ICDI_TRUE=''
HLADAPTER_STLINK_FALSE='#'
HLADAPTER_STLINK_TRUE=''
HLADAPTER_TRUE=''
INSTALL_DATA='${INSTALL} -m 644'
INSTALL_PROGRAM='${INSTALL}'
INSTALL_SCRIPT='${INSTALL}'
INSTALL_STRIP_PROGRAM='$(install_sh) -c -s'
INTERNAL_JIMTCL_FALSE='#'
INTERNAL_JIMTCL_TRUE=''
IOUTIL_FALSE=''
IOUTIL_TRUE='#'
IS_CYGWIN_FALSE=''
IS_CYGWIN_TRUE='#'
IS_DARWIN_FALSE=''
IS_DARWIN_TRUE='#'
IS_MINGW_FALSE=''
IS_MINGW_TRUE='#'
IS_WIN32_FALSE=''
IS_WIN32_TRUE='#'
JLINK_FALSE='#'
JLINK_TRUE=''
JTAG_VPI_FALSE=''
JTAG_VPI_TRUE='#'
LD='/usr/bin/ld -m elf_x86_64'
LDFLAGS=''
LIBFTDI_CFLAGS=''
LIBFTDI_LIBS='-lftdi'
LIBOBJS=''
LIBS='-ldl '
LIBTOOL='$(SHELL) $(top_builddir)/libtool'
LIBTOOL_DEPS='./ltmain.sh'
LIBUSB0_CFLAGS=''
LIBUSB0_LIBS='-lusb'
LIBUSB1_CFLAGS='-isystem /usr/include/libusb-1.0'
LIBUSB1_LIBS='-lusb-1.0'
LIPO=''
LN_S='ln -s'
LTLIBOBJS=''
LT_SYS_LIBRARY_PATH=''
MAKEINFO='echo makeinfo missing; true'
MANIFEST_TOOL=':'
MINIDRIVER_DUMMY_FALSE=''
MINIDRIVER_DUMMY_TRUE='#'
MINIDRIVER_FALSE=''
MINIDRIVER_TRUE='#'
MKDIR_P='/bin/mkdir -p'
NM='/usr/bin/nm -B'
NMEDIT=''
OBJDUMP='objdump'
OBJEXT='o'
OOCD_TRACE_FALSE=''
OOCD_TRACE_TRUE='#'
OPENDOUS_FALSE='#'
OPENDOUS_TRUE=''
OPENJTAG_FALSE=''
OPENJTAG_TRUE='#'
OSBDM_FALSE='#'
OSBDM_TRUE=''
OTOOL64=''
OTOOL=''
PACKAGE='openocd'
PACKAGE_BUGREPORT='OpenOCD Mailing List <openocd-devel@lists.sourceforge.net>'
PACKAGE_NAME='openocd'
PACKAGE_STRING='openocd 0.9.0'
PACKAGE_TARNAME='openocd'
PACKAGE_URL=''
PACKAGE_VERSION='0.9.0'
PARPORT_FALSE=''
PARPORT_TRUE='#'
PATH_SEPARATOR=':'
PKG_CONFIG='/usr/bin/pkg-config'
PKG_CONFIG_LIBDIR=''
PKG_CONFIG_PATH=''
PRESTO_DRIVER_FALSE=''
PRESTO_DRIVER_TRUE='#'
PRESTO_LIBFTDI_FALSE=''
PRESTO_LIBFTDI_TRUE='#'
RANLIB='ranlib'
RELEASE_FALSE='#'
RELEASE_TRUE=''
REMOTE_BITBANG_FALSE=''
REMOTE_BITBANG_TRUE='#'
RLINK_FALSE='#'
RLINK_TRUE=''
SED='/bin/sed'
SET_MAKE=''
SHELL='/bin/sh'
STRIP='strip'
SYSFSGPIO_FALSE=''
SYSFSGPIO_TRUE='#'
ULINK_FALSE='#'
ULINK_TRUE=''
USBPROG_FALSE='#'
USBPROG_TRUE=''
USB_BLASTER_2_FALSE='#'
USB_BLASTER_2_TRUE=''
USB_BLASTER_DRIVER_FALSE='#'
USB_BLASTER_DRIVER_TRUE=''
USB_BLASTER_FTD2XX_FALSE=''
USB_BLASTER_FTD2XX_TRUE='#'
USB_BLASTER_LIBFTDI_FALSE=''
USB_BLASTER_LIBFTDI_TRUE='#'
USE_LIBUSB0_FALSE='#'
USE_LIBUSB0_TRUE=''
USE_LIBUSB1_FALSE='#'
USE_LIBUSB1_TRUE=''
VERSION='0.9.0'
VSLLINK_FALSE='#'
VSLLINK_TRUE=''
ZY1000_FALSE=''
ZY1000_MASTER_FALSE=''
ZY1000_MASTER_TRUE='#'
ZY1000_TRUE='#'
ac_ct_AR='ar'
ac_ct_CC='gcc'
ac_ct_DUMPBIN=''
am__EXEEXT_FALSE=''
am__EXEEXT_TRUE='#'
am__fastdepCC_FALSE='#'
am__fastdepCC_TRUE=''
am__include='include'
am__isrc=''
am__leading_dot='.'
am__nodep='_no'
am__quote=''
am__tar='$${TAR-tar} chof - "$$tardir"'
am__untar='$${TAR-tar} xf -'
bindir='${exec_prefix}/bin'
build='x86_64-pc-linux-gnu'
build_alias=''
build_cpu='x86_64'
build_os='linux-gnu'
build_vendor='pc'
datadir='${datarootdir}'
datarootdir='${prefix}/share'
docdir='${datarootdir}/doc/${PACKAGE_TARNAME}'
doxygen_as_html='yes'
doxygen_as_pdf='no'
dvidir='${docdir}'
exec_prefix='${prefix}'
host='x86_64-pc-linux-gnu'
host_alias=''
host_cpu='x86_64'
host_os='linux-gnu'
host_vendor='pc'
htmldir='${docdir}'
includedir='${prefix}/include'
infodir='${datarootdir}/info'
install_sh='${SHELL} /home/se/JTAG/openocd-0.9.0/install-sh'
libdir='${exec_prefix}/lib'
libexecdir='${exec_prefix}/libexec'
localedir='${datarootdir}/locale'
localstatedir='${prefix}/var'
mandir='${datarootdir}/man'
mkdir_p='$(MKDIR_P)'
oldincludedir='/usr/include'
pdfdir='${docdir}'
prefix='/usr/local'
program_transform_name='s,x,x,'
psdir='${docdir}'
runstatedir='${localstatedir}/run'
sbindir='${exec_prefix}/sbin'
sharedstatedir='${prefix}/com'
subdirs=' jimtcl'
sysconfdir='${prefix}/etc'
target_alias=''

## ----------- ##
## confdefs.h. ##
## ----------- ##

/* confdefs.h */
#define PACKAGE_NAME "openocd"
#define PACKAGE_TARNAME "openocd"
#define PACKAGE_VERSION "0.9.0"
#define PACKAGE_STRING "openocd 0.9.0"
#define PACKAGE_BUGREPORT "OpenOCD Mailing List <openocd-devel@lists.sourceforge.net>"
#define PACKAGE_URL ""
#define PACKAGE "openocd"
#define VERSION "0.9.0"
#define STDC_HEADERS 1
#define HAVE_SYS_TYPES_H 1
#define HAVE_SYS_STAT_H 1
#define HAVE_STDLIB_H 1
#define HAVE_STRING_H 1
#define HAVE_MEMORY_H 1
#define HAVE_STRINGS_H 1
#define HAVE_INTTYPES_H 1
#define HAVE_STDINT_H 1
#define HAVE_UNISTD_H 1
#define HAVE_DLFCN_H 1
#define LT_OBJDIR ".libs/"
#define HAVE_UNSIGNED_LONG_LONG_INT 1
#define HAVE_LONG_LONG_INT 1
#define HAVE_SYS_SOCKET_H 1
#define HAVE_ARPA_INET_H 1
#define HAVE_ELF_H 1
#define HAVE_DIRENT_H 1
#define HAVE_FCNTL_H 1
#define HAVE_IFADDRS_H 1
#define HAVE_MALLOC_H 1
#define HAVE_NETDB_H 1
#define HAVE_NETINET_IN_H 1
#define HAVE_NETINET_TCP_H 1
#define HAVE_PTHREAD_H 1
#define HAVE_STRINGS_H 1
#define HAVE_SYS_IOCTL_H 1
#define HAVE_SYS_PARAM_H 1
#define HAVE_SYS_POLL_H 1
#define HAVE_SYS_SELECT_H 1
#define HAVE_SYS_STAT_H 1
#define HAVE_SYS_TIME_H 1
#define HAVE_SYS_TYPES_H 1
#define HAVE_UNISTD_H 1
#define HAVE_NET_IF_H 1
#define HAVE__BOOL 1
#define HAVE_STDBOOL_H 1
#define TIME_WITH_SYS_TIME 1
#define HAVE_STRNDUP 1
#define HAVE_STRNLEN 1
#define HAVE_GETTIMEOFDAY 1
#define HAVE_USLEEP 1
#define HAVE_VASPRINTF 1
#define IS_CYGWIN 0
#define IS_WIN32 0
#define IS_DARWIN 0
#define BUILD_PARPORT 0
#define BUILD_DUMMY 0
#define BUILD_EP93XX 0
#define BUILD_ZY1000 0
#define BUILD_ZY1000_MASTER 0
#define BUILD_AT91RM9200 0
#define BUILD_BCM2835GPIO 0
#define PARPORT_USE_PPDEV 1
#define PARPORT_USE_GIVEIO 0
#define BUILD_BITBANG 0
#define BUILD_FT2232_LIBFTDI 1
#define BUILD_FT2232_FTD2XX 0
#define BUILD_USB_BLASTER_LIBFTDI 0
#define BUILD_JTAG_VPI 0
#define BUILD_USB_BLASTER_FTD2XX 0
#define BUILD_AMTJTAGACCEL 0
#define BUILD_GW16012 0
#define BUILD_PRESTO_LIBFTDI 0
#define BUILD_PRESTO_FTD2XX 0
#define BUILD_BITQ 0
#define BUILD_OPENJTAG 0
#define BUILD_OPENJTAG_FTD2XX 0
#define BUILD_OPENJTAG_LIBFTDI 0
#define BUILD_OOCD_TRACE 0
#define BUILD_BUSPIRATE 0
#define BUILD_REMOTE_BITBANG 0
#define BUILD_SYSFSGPIO 0
#define BUILD_FT2232_HIGHSPEED 1
#define HAS_ENUM_FT232H 1
#define HAVE_LIBUSB1 1
#define HAVE_LIBUSB_ERROR_NAME 1
#define BUILD_FTDI 1
#define BUILD_HLADAPTER_STLINK 1
#define BUILD_HLADAPTER_ICDI 1
#define BUILD_ULINK 1
#define BUILD_USB_BLASTER_2 1
#define BUILD_VSLLINK 1
#define BUILD_JLINK 1
#define BUILD_OSBDM 1
#define BUILD_OPENDOUS 1
#define BUILD_AICE 1
#define BUILD_USBPROG 1
#define BUILD_RLINK 1
#define BUILD_ARMJTAGEW 1
#define BUILD_HLADAPTER 1
#define _GNU_SOURCE 1

configure: exit 0
